{
  "stats": {
    "suites": 1,
    "tests": 1,
    "passes": 1,
    "pending": 0,
    "failures": 0,
    "start": "2023-11-10T18:38:29.720Z",
    "end": "2023-11-10T18:38:43.450Z",
    "duration": 13730,
    "testsRegistered": 1,
    "passPercent": 100,
    "pendingPercent": 0,
    "other": 0,
    "hasOther": false,
    "skipped": 0,
    "hasSkipped": false
  },
  "results": [
    {
      "uuid": "18b0e0e6-cb9d-4f9f-8170-4b7d91671c45",
      "title": "",
      "fullFile": "cypress/e2e/mocked/post/get.post.spec.cy.js",
      "file": "cypress/e2e/mocked/post/get.post.spec.cy.js",
      "beforeHooks": [],
      "afterHooks": [],
      "tests": [],
      "suites": [
        {
          "uuid": "c3fd4d8f-4176-4fbb-917e-2b7057acd4dd",
          "title": "Get Post Details",
          "fullFile": "",
          "file": "",
          "beforeHooks": [],
          "afterHooks": [],
          "tests": [
            {
              "title": "should be opened posts after signed in",
              "fullTitle": "Get Post Details should be opened posts after signed in",
              "timedOut": null,
              "duration": 13030,
              "state": "passed",
              "speed": "slow",
              "pass": true,
              "fail": false,
              "pending": false,
              "context": null,
              "code": "cy.get(\"h2\").contains(\"Test post via API\");\ncy.get(\".comment-classic\").should('have.length', 2);",
              "err": {},
              "uuid": "61636cac-d9b2-42ec-b4c4-a201668ad542",
              "parentUUID": "c3fd4d8f-4176-4fbb-917e-2b7057acd4dd",
              "isHook": false,
              "skipped": false
            }
          ],
          "suites": [],
          "passes": [
            "61636cac-d9b2-42ec-b4c4-a201668ad542"
          ],
          "failures": [],
          "pending": [],
          "skipped": [],
          "duration": 13030,
          "root": false,
          "rootEmpty": false,
          "_timeout": 2000
        }
      ],
      "passes": [],
      "failures": [],
      "pending": [],
      "skipped": [],
      "duration": 0,
      "root": true,
      "rootEmpty": true,
      "_timeout": 2000
    }
  ],
  "meta": {
    "mocha": {
      "version": "7.0.1"
    },
    "mochawesome": {
      "options": {
        "quiet": false,
        "reportFilename": "mochawesome",
        "saveHtml": true,
        "saveJson": true,
        "consoleReporter": "spec",
        "useInlineDiffs": false,
        "code": true
      },
      "version": "7.1.3"
    },
    "marge": {
      "options": null,
      "version": "6.2.0"
    }
  }
}